<?xml version="1.0" encoding="UTF-8"?>
<!-- Generated by org.testng.reporters.JUnitReportReporter -->
<testsuite hostname="DESKTOP-R1NCR26" failures="0" tests="2" name="com.Log4j.logs.LogsTest" time="9.909" errors="0" timestamp="2022-01-26T09:58:30 GMT-05:00" skipped="0">
  <testcase classname="com.Log4j.logs.LogsTest" name="GoogleTitleTest" time="6.304"/>
  <system-out/>
  <testcase classname="com.Log4j.logs.LogsTest" name="Googlelogotest" time="3.605"/>
  <system-out/>
</testsuite> <!-- com.Log4j.logs.LogsTest -->
